19:27:46.641 [main] DEBUG o.prgrms.kdt.order.OrderProperties - [OrderProperties] version -> {0}
19:27:46.644 [main] DEBUG o.prgrms.kdt.order.OrderProperties - [OrderProperties] minimumOrderAmount -> {0}
19:27:46.644 [main] DEBUG o.prgrms.kdt.order.OrderProperties - [OrderProperties] supportVendors -> {0}
19:27:46.644 [main] DEBUG o.prgrms.kdt.order.OrderProperties - [OrderProperties] description -> {0}
19:27:46.686 [main] INFO  org.prgrms.kdt.OrderTester - logger name => org.prgrms.kdt.OrderTester
%PARSER_ERROR[clr] [main] DEBUG o.prgrms.kdt.order.OrderProperties - [OrderProperties] version -> {0}
%PARSER_ERROR[clr] [main] DEBUG o.prgrms.kdt.order.OrderProperties - [OrderProperties] minimumOrderAmount -> {0}
%PARSER_ERROR[clr] [main] DEBUG o.prgrms.kdt.order.OrderProperties - [OrderProperties] supportVendors -> {0}
%PARSER_ERROR[clr] [main] DEBUG o.prgrms.kdt.order.OrderProperties - [OrderProperties] description -> {0}
%PARSER_ERROR[clr] [main] INFO  org.prgrms.kdt.OrderTester - logger name => org.prgrms.kdt.OrderTester
%PARSER_ERROR[clr] [main] DEBUG o.prgrms.kdt.order.OrderProperties - [OrderProperties] version -> {0}
%PARSER_ERROR[clr] [main] DEBUG o.prgrms.kdt.order.OrderProperties - [OrderProperties] minimumOrderAmount -> {0}
%PARSER_ERROR[clr] [main] DEBUG o.prgrms.kdt.order.OrderProperties - [OrderProperties] supportVendors -> {0}
%PARSER_ERROR[clr] [main] DEBUG o.prgrms.kdt.order.OrderProperties - [OrderProperties] description -> {0}
%PARSER_ERROR[clr] [main] INFO  org.prgrms.kdt.OrderTester - logger name => org.prgrms.kdt.OrderTester
%PARSER_ERROR[clr] [main] INFO  org.prgrms.kdt.OrderTester - logger name => org.prgrms.kdt.OrderTester
%PARSER_ERROR[clr] [main] INFO  org.prgrms.kdt.OrderTester - logger name => org.prgrms.kdt.OrderTester
%PARSER_ERROR[clr] [main] INFO  org.prgrms.kdt.OrderTester - logger name => org.prgrms.kdt.OrderTester
%PARSER_ERROR[clr] [main] INFO  org.prgrms.kdt.OrderTester - logger name => org.prgrms.kdt.OrderTester
%PARSER_ERROR[clr] [main] INFO  org.prgrms.kdt.OrderTester - logger name => org.prgrms.kdt.OrderTester
%PARSER_ERROR[clr] [main] INFO  org.prgrms.kdt.OrderTester - logger name => org.prgrms.kdt.OrderTester
